ERROR:routes:Not Found: 404 Not Found: The requested URL was not found on the server. If you entered the URL manually please check your spelling and try again.
ERROR:routes:Not Found: 404 Not Found: The requested URL was not found on the server. If you entered the URL manually please check your spelling and try again.
ERROR:routes:Not Found: 404 Not Found: The requested URL was not found on the server. If you entered the URL manually please check your spelling and try again.
ERROR:routes:Not Found: 404 Not Found: The requested URL was not found on the server. If you entered the URL manually please check your spelling and try again.
ERROR:routes:Not Found: 404 Not Found: The requested URL was not found on the server. If you entered the URL manually please check your spelling and try again.
ERROR:routes:CSRF token missing or incorrect!
ERROR:routes:Not Found: 404 Not Found: The requested URL was not found on the server. If you entered the URL manually please check your spelling and try again.
ERROR:routes:Not Found: 404 Not Found: The requested URL was not found on the server. If you entered the URL manually please check your spelling and try again.
ERROR:routes:CSRF token missing or incorrect!
ERROR:routes:Not Found: 404 Not Found: The requested URL was not found on the server. If you entered the URL manually please check your spelling and try again.
ERROR:routes:Not Found: 404 Not Found: The requested URL was not found on the server. If you entered the URL manually please check your spelling and try again.
ERROR:routes:Not Found: 404 Not Found: The requested URL was not found on the server. If you entered the URL manually please check your spelling and try again.
ERROR:routes:Not Found: 404 Not Found: The requested URL was not found on the server. If you entered the URL manually please check your spelling and try again.
ERROR:routes:Not Found: 404 Not Found: The requested URL was not found on the server. If you entered the URL manually please check your spelling and try again.
ERROR:routes:Not Found: 404 Not Found: The requested URL was not found on the server. If you entered the URL manually please check your spelling and try again.
ERROR:routes:Not Found: 404 Not Found: The requested URL was not found on the server. If you entered the URL manually please check your spelling and try again.
ERROR:routes:Not Found: 404 Not Found: The requested URL was not found on the server. If you entered the URL manually please check your spelling and try again.
ERROR:routes:Not Found: 404 Not Found: The requested URL was not found on the server. If you entered the URL manually please check your spelling and try again.
ERROR:routes:Not Found: 404 Not Found: The requested URL was not found on the server. If you entered the URL manually please check your spelling and try again.
ERROR:routes:Not Found: 404 Not Found: The requested URL was not found on the server. If you entered the URL manually please check your spelling and try again.
ERROR:routes:Not Found: 404 Not Found: The requested URL was not found on the server. If you entered the URL manually please check your spelling and try again.
ERROR:routes:Not Found: 404 Not Found: The requested URL was not found on the server. If you entered the URL manually please check your spelling and try again.
ERROR:routes:Not Found: 404 Not Found: The requested URL was not found on the server. If you entered the URL manually please check your spelling and try again.
ERROR:routes:Not Found: 404 Not Found: The requested URL was not found on the server. If you entered the URL manually please check your spelling and try again.
ERROR:routes:Not Found: 404 Not Found: The requested URL was not found on the server. If you entered the URL manually please check your spelling and try again.
ERROR:routes:Not Found: 404 Not Found: The requested URL was not found on the server. If you entered the URL manually please check your spelling and try again.
ERROR:routes:Not Found: 404 Not Found: The requested URL was not found on the server. If you entered the URL manually please check your spelling and try again.
ERROR:routes:Not Found: 404 Not Found: The requested URL was not found on the server. If you entered the URL manually please check your spelling and try again.
ERROR:routes:Not Found: 404 Not Found: The requested URL was not found on the server. If you entered the URL manually please check your spelling and try again.
ERROR:routes:Not Found: 404 Not Found: The requested URL was not found on the server. If you entered the URL manually please check your spelling and try again.
ERROR:routes:Rate limit exceeded: 5 per 1 minute
ERROR:routes:Rate limit exceeded: 5 per 1 minute
ERROR:routes:Rate limit exceeded: 5 per 1 minute
ERROR:routes:Not Found: 404 Not Found: The requested URL was not found on the server. If you entered the URL manually please check your spelling and try again.
ERROR:routes:Not Found: 404 Not Found: The requested URL was not found on the server. If you entered the URL manually please check your spelling and try again.
ERROR:routes:CSRF token missing or incorrect!
ERROR:routes:Not Found: 404 Not Found: The requested URL was not found on the server. If you entered the URL manually please check your spelling and try again.
ERROR:routes:CSRF token missing or incorrect!
ERROR:routes:CSRF token missing or incorrect!
ERROR:routes:CSRF token missing or incorrect!
ERROR:routes:CSRF token missing or incorrect!
ERROR:routes:CSRF token missing or incorrect!
ERROR:routes:CSRF token missing or incorrect!
ERROR:routes:Not Found: 404 Not Found: The requested URL was not found on the server. If you entered the URL manually please check your spelling and try again.
ERROR:routes:CSRF token missing or incorrect!
ERROR:routes:CSRF token missing or incorrect!
ERROR:routes:Not Found: 404 Not Found: The requested URL was not found on the server. If you entered the URL manually please check your spelling and try again.
ERROR:routes:Not Found: 404 Not Found: The requested URL was not found on the server. If you entered the URL manually please check your spelling and try again.
WARNING:routes:Suspicious activity detected: Failed login attempt - username=admin
ERROR:routes:Not Found: 404 Not Found: The requested URL was not found on the server. If you entered the URL manually please check your spelling and try again.
WARNING:routes:Suspicious activity detected: Failed login attempt - username=admin
ERROR:routes:Not Found: 404 Not Found: The requested URL was not found on the server. If you entered the URL manually please check your spelling and try again.
WARNING:routes:Suspicious activity detected: Failed login attempt - username=weif
ERROR:routes:Not Found: 404 Not Found: The requested URL was not found on the server. If you entered the URL manually please check your spelling and try again.
ERROR:routes:CSRF token missing or incorrect!
ERROR:routes:Not Found: 404 Not Found: The requested URL was not found on the server. If you entered the URL manually please check your spelling and try again.
ERROR:routes:Not Found: 404 Not Found: The requested URL was not found on the server. If you entered the URL manually please check your spelling and try again.
WARNING:routes:Suspicious activity detected: Failed login attempt - username=weifji
ERROR:routes:Not Found: 404 Not Found: The requested URL was not found on the server. If you entered the URL manually please check your spelling and try again.
WARNING:routes:Suspicious activity detected: Failed login attempt - username=admin
ERROR:routes:Not Found: 404 Not Found: The requested URL was not found on the server. If you entered the URL manually please check your spelling and try again.
ERROR:routes:Not Found: 404 Not Found: The requested URL was not found on the server. If you entered the URL manually please check your spelling and try again.
ERROR:routes:Not Found: 404 Not Found: The requested URL was not found on the server. If you entered the URL manually please check your spelling and try again.
WARNING:routes:Suspicious activity detected: Failed login attempt - username=oisjif
ERROR:routes:Not Found: 404 Not Found: The requested URL was not found on the server. If you entered the URL manually please check your spelling and try again.
WARNING:routes:Suspicious activity detected: Failed login attempt - username=weuhfu
ERROR:routes:Not Found: 404 Not Found: The requested URL was not found on the server. If you entered the URL manually please check your spelling and try again.
WARNING:routes:Suspicious activity detected: Failed login attempt - username=sefew
ERROR:routes:Not Found: 404 Not Found: The requested URL was not found on the server. If you entered the URL manually please check your spelling and try again.
WARNING:routes:Suspicious activity detected: Failed login attempt - username=wefw
ERROR:routes:Not Found: 404 Not Found: The requested URL was not found on the server. If you entered the URL manually please check your spelling and try again.
ERROR:routes:CSRF token missing or incorrect!
ERROR:routes:Not Found: 404 Not Found: The requested URL was not found on the server. If you entered the URL manually please check your spelling and try again.
WARNING:routes:Suspicious activity detected: Failed login attempt - username=wihefie
ERROR:routes:Not Found: 404 Not Found: The requested URL was not found on the server. If you entered the URL manually please check your spelling and try again.
WARNING:routes:Suspicious activity detected: Failed login attempt - username=admin
ERROR:routes:Not Found: 404 Not Found: The requested URL was not found on the server. If you entered the URL manually please check your spelling and try again.
ERROR:routes:Rate limit exceeded: 5 per 1 minute
ERROR:routes:CSRF token missing or incorrect!
ERROR:routes:Rate limit exceeded: 5 per 1 minute
ERROR:routes:Not Found: 404 Not Found: The requested URL was not found on the server. If you entered the URL manually please check your spelling and try again.
ERROR:routes:Not Found: 404 Not Found: The requested URL was not found on the server. If you entered the URL manually please check your spelling and try again.
ERROR:routes:Not Found: 404 Not Found: The requested URL was not found on the server. If you entered the URL manually please check your spelling and try again.
